<?xml version="1.0" encoding="UTF-8"?>
<!-- Generated by org.testng.reporters.JUnitReportReporter -->
<testsuite hostname="DESKTOP-13IHC2O" name="testNG_Practice.TestNG_Demo" tests="1" failures="0" timestamp="8 May 2020 13:12:20 GMT" time="18.452" errors="0">
  <testcase name="page" time="18.452" classname="testNG_Practice.TestNG_Demo"/>
</testsuite> <!-- testNG_Practice.TestNG_Demo -->
